Health check at 2026-03-27 13:15:02.375463
----------------------------------------
Instance state: running
Alarm state:    OK
All systems healthy — no action needed
Health check at 2026-03-27 13:20:02.710304
----------------------------------------
Instance state: running
Alarm state:    OK
All systems healthy — no action needed
Health check at 2026-03-27 13:25:01.862781
----------------------------------------
Instance state: running
Alarm state:    OK
All systems healthy — no action needed
Health check at 2026-03-29 14:40:04.104446
----------------------------------------
Instance state: running
Alarm state:    ALARM
ALERT SENT — alarm is triggered!
Health check at 2026-03-29 14:45:02.740742
----------------------------------------
Instance state: running
Alarm state:    OK
All systems healthy — no action needed
Health check at 2026-03-29 14:50:03.079283
----------------------------------------
Instance state: running
Alarm state:    OK
All systems healthy — no action needed
Health check at 2026-03-29 14:55:02.724511
----------------------------------------
Instance state: running
Alarm state:    OK
All systems healthy — no action needed
Health check at 2026-03-29 15:00:02.945839
----------------------------------------
Instance state: running
Alarm state:    OK
All systems healthy — no action needed
Health check at 2026-03-29 15:05:02.950856
----------------------------------------
Instance state: running
Alarm state:    OK
All systems healthy — no action needed
Health check at 2026-03-29 15:15:03.345367
----------------------------------------
Instance state: running
Alarm state:    ALARM
ALERT SENT — alarm is triggered!
